Arguments: 
  C:\Program Files\nodejs\node.exe C:\Users\Rishu\AppData\Roaming\npm\node_modules\yarn\bin\yarn.js add axios

PATH: 
  C:\Python311\Scripts\;C:\Python311\;C:\MinGW\bin;C:\WINDOWS\system32;C:\WINDOWS;C:\WINDOWS\System32\Wbem;C:\WINDOWS\System32\WindowsPowerShell\v1.0\;C:\WINDOWS\System32\OpenSSH\;C:\Program Files\nodejs\;C:\Program Files\NVIDIA Corporation\NVIDIA NvDLISR;C:\WINDOWS\system32;C:\WINDOWS;C:\WINDOWS\System32\Wbem;C:\WINDOWS\System32\WindowsPowerShell\v1.0\;C:\WINDOWS\System32\OpenSSH\;C:\ProgramData\chocolatey\bin;C:\Program Files\Git\cmd;C:\Program Files\MySQL\MySQL Shell 8.0\bin\;C:\Users\Rishu\AppData\Local\Microsoft\WindowsApps;C:\Users\Rishu\AppData\Local\Programs\Microsoft VS Code\bin;C:\Users\Rishu\AppData\Local\GitHubDesktop\bin;C:\Users\Rishu\AppData\Roaming\npm;

Yarn version: 
  1.22.19

Node version: 
  16.17.0

Platform: 
  win32 x64

Trace: 
  Error: EPERM: operation not permitted, unlink 'D:\Lama Dev Projects\Travel Map\backend\node_modules\bcrypt\lib\binding\napi-v3\bcrypt_lib.node'

npm manifest: 
  {
    "dependencies": {
      "bcrypt": "^5.1.0",
      "dotenv": "^16.0.3",
      "env": "^0.0.2",
      "express": "^4.18.2",
      "mongoose": "^7.0.2"
    },
    "name": "backend",
    "version": "1.0.0",
    "main": "index.js",
    "scripts": {
      "start": " nodemon index.js"
    },
    "author": "Rishu Pandey",
    "license": "ISC",
    "description": ""
  }

yarn manifest: 
  No manifest

Lockfile: 
  No lockfile
